<?xml version="1.0" encoding="UTF-8"?>
<testng-results skipped="0" failed="0" total="1" passed="1">
  <reporter-output>
  </reporter-output>
  <suite name="Default suite" duration-ms="13263" started-at="2018-07-15T14:20:53Z" finished-at="2018-07-15T14:21:06Z">
    <groups>
    </groups>
    <test name="Default test" duration-ms="13263" started-at="2018-07-15T14:20:53Z" finished-at="2018-07-15T14:21:06Z">
      <class name="com.apache.urpcase.ZuzhijiagouCase01Huenbin">
        <test-method status="PASS" signature="beforeTest()[pri:0, instance:com.apache.urpcase.ZuzhijiagouCase01Huenbin@42eca56e]" name="beforeTest" is-config="true" duration-ms="133" started-at="2018-07-15T22:20:53Z" finished-at="2018-07-15T22:20:53Z">
          <reporter-output>
          </reporter-output>
        </test-method> <!-- beforeTest -->
        <test-method status="PASS" signature="beforeMethod(java.lang.reflect.Method, org.testng.ITestContext)[pri:0, instance:com.apache.urpcase.ZuzhijiagouCase01Huenbin@42eca56e]" name="beforeMethod" is-config="true" duration-ms="3805" started-at="2018-07-15T22:20:53Z" finished-at="2018-07-15T22:20:57Z">
          <params>
            <param index="0">
              <value>
                <![CDATA[public void com.apache.urpcase.ZuzhijiagouCase01Huenbin.zuZhiJiaGou()]]>
              </value>
            </param>
            <param index="1">
              <value>
                <![CDATA[org.testng.TestRunner@5b7a5baa]]>
              </value>
            </param>
          </params>
          <reporter-output>
          </reporter-output>
        </test-method> <!-- beforeMethod -->
        <test-method status="PASS" signature="zuZhiJiaGou()[pri:0, instance:com.apache.urpcase.ZuzhijiagouCase01Huenbin@42eca56e]" name="zuZhiJiaGou" duration-ms="8572" started-at="2018-07-15T22:20:57Z" finished-at="2018-07-15T22:21:05Z">
          <reporter-output>
          </reporter-output>
        </test-method> <!-- zuZhiJiaGou -->
        <test-method status="PASS" signature="afterMethod(org.testng.ITestResult)[pri:0, instance:com.apache.urpcase.ZuzhijiagouCase01Huenbin@42eca56e]" name="afterMethod" is-config="true" duration-ms="740" started-at="2018-07-15T22:21:05Z" finished-at="2018-07-15T22:21:06Z">
          <params>
            <param index="0">
              <value>
                <![CDATA[[TestResult name=zuZhiJiaGou status=SUCCESS method=ZuzhijiagouCase01Huenbin.zuZhiJiaGou()[pri:0, instance:com.apache.urpcase.ZuzhijiagouCase01Huenbin@42eca56e] output={null}]]]>
              </value>
            </param>
          </params>
          <reporter-output>
          </reporter-output>
        </test-method> <!-- afterMethod -->
        <test-method status="PASS" signature="afterClass()[pri:0, instance:com.apache.urpcase.ZuzhijiagouCase01Huenbin@42eca56e]" name="afterClass" is-config="true" duration-ms="1" started-at="2018-07-15T22:21:06Z" finished-at="2018-07-15T22:21:06Z">
          <reporter-output>
          </reporter-output>
        </test-method> <!-- afterClass -->
        <test-method status="PASS" signature="afterTest()[pri:0, instance:com.apache.urpcase.ZuzhijiagouCase01Huenbin@42eca56e]" name="afterTest" is-config="true" duration-ms="0" started-at="2018-07-15T22:21:06Z" finished-at="2018-07-15T22:21:06Z">
          <reporter-output>
          </reporter-output>
        </test-method> <!-- afterTest -->
      </class> <!-- com.apache.urpcase.ZuzhijiagouCase01Huenbin -->
    </test> <!-- Default test -->
  </suite> <!-- Default suite -->
</testng-results>
